<?xml version="1.0" encoding="UTF-8"?>
<testng-results ignored="0" total="1" passed="1" failed="0" skipped="0">
  <reporter-output>
  </reporter-output>
  <suite started-at="2023-05-02T15:12:27 IST" name="Suite" finished-at="2023-05-02T15:12:50 IST" duration-ms="22510">
    <groups>
    </groups>
    <test started-at="2023-05-02T15:12:27 IST" name="Test" finished-at="2023-05-02T15:12:50 IST" duration-ms="22510">
      <class name="com.example.demo.newpro.TestListenerSample">
        <test-method signature="f()[pri:0, instance:com.example.demo.newpro.TestListenerSample@659499f1]" started-at="2023-05-02T15:12:27 IST" name="f" finished-at="2023-05-02T15:12:50 IST" duration-ms="22454" status="PASS">
          <reporter-output>
          </reporter-output>
        </test-method> <!-- f -->
      </class> <!-- com.example.demo.newpro.TestListenerSample -->
    </test> <!-- Test -->
  </suite> <!-- Suite -->
</testng-results>
